Info (PARAM): Deploy=false
Info (PARAM): UIToken=00000000000000000000000000000000
Info (PARAM): OCSendToUI=false
Info (PARAM): OCSendToFile=false
Info (PARAM): Client0Token=00000000000000000000000000000000
Info (PARAM): Client1Token=00000000000000000000000000000000
Info (PARAM): UIEnable=false
Info (PARAM): ClientsPort=7099
Info (ClientNetwork): Listening on port 7099.
Info (PARAM): ClientsConnectionTimeout=2147483647
Info (JsonSocket): Message received: {"type": "token", "info": {"token": "00000000000000000000000000000000"}}
Info (ClientNetwork): Client accepted.
Info (JsonSocket): Message received: {"type": "token", "info": {"token": "00000000000000000000000000000000"}}
Info (ClientNetwork): Client accepted.
Info (JsonSocket): Message sent.
Info (JsonSocket): Message sent.
Info (GameServer): Simulation timeout passed by spending 3059 time!
Info (JsonSocket): Message sent.
Info (JsonSocket): Message sent.
Info (JsonSocket): Message received: {"type": "1", "info": {"direction": 1}}
Info (JsonSocket): Message received: {"type": "2", "info": {"message": "salam", "value": 10}}
Info (JsonSocket): Message received: {"type": "6", "info": {}}
Info (JsonSocket): Message received: {"type": "1", "info": {"direction": 2}}
Info (JsonSocket): Message received: {"type": "2", "info": {"message": "salam", "value": 10}}
Info (JsonSocket): Message received: {"type": "6", "info": {}}
Info (JsonSocket): Message sent.
Info (JsonSocket): Message sent.
Info (JsonSocket): Message received: {"type": "1", "info": {"direction": 1}}
Info (JsonSocket): Message received: {"type": "2", "info": {"message": "salam", "value": 10}}
Info (JsonSocket): Message received: {"type": "6", "info": {}}
Info (JsonSocket): Message received: {"type": "1", "info": {"direction": 2}}
Info (JsonSocket): Message received: {"type": "2", "info": {"message": "salam", "value": 10}}
Info (JsonSocket): Message received: {"type": "6", "info": {}}
Info (JsonSocket): Message sent.
Info (JsonSocket): Message sent.
Info (JsonSocket): Message received: {"type": "1", "info": {"direction": 1}}
Info (JsonSocket): Message received: {"type": "2", "info": {"message": "salam", "value": 10}}
Info (JsonSocket): Message received: {"type": "6", "info": {}}
Info (JsonSocket): Message received: {"type": "1", "info": {"direction": 2}}
Info (JsonSocket): Message received: {"type": "2", "info": {"message": "salam", "value": 10}}
Info (JsonSocket): Message received: {"type": "6", "info": {}}
Info (JsonSocket): Message sent.
Info (JsonSocket): Message sent.
Info (JsonSocket): Message received: {"type": "1", "info": {"direction": 1}}
Info (JsonSocket): Message received: {"type": "2", "info": {"message": "salam", "value": 10}}
Info (JsonSocket): Message received: {"type": "6", "info": {}}
Info (JsonSocket): Message received: {"type": "1", "info": {"direction": 2}}
Info (JsonSocket): Message received: {"type": "2", "info": {"message": "salam", "value": 10}}
Info (JsonSocket): Message received: {"type": "6", "info": {}}
Info (JsonSocket): Message sent.
Info (JsonSocket): Message sent.
Info (JsonSocket): Message received: {"type": "1", "info": {"direction": 1}}
Info (JsonSocket): Message received: {"type": "2", "info": {"message": "salam", "value": 10}}
Info (JsonSocket): Message received: {"type": "6", "info": {}}
Info (JsonSocket): Message received: {"type": "1", "info": {"direction": 2}}
Info (JsonSocket): Message received: {"type": "2", "info": {"message": "salam", "value": 10}}
Info (JsonSocket): Message received: {"type": "6", "info": {}}
Info (JsonSocket): Message sent.
Info (JsonSocket): Message sent.
Info (JsonSocket): Message received: {"type": "1", "info": {"direction": 1}}
Info (JsonSocket): Message received: {"type": "2", "info": {"message": "salam", "value": 10}}
Info (JsonSocket): Message received: {"type": "6", "info": {}}
Info (JsonSocket): Message received: {"type": "1", "info": {"direction": 2}}
Info (JsonSocket): Message received: {"type": "2", "info": {"message": "salam", "value": 10}}
Info (JsonSocket): Message received: {"type": "6", "info": {}}
Info (JsonSocket): Message sent.
Info (JsonSocket): Message sent.
Info (JsonSocket): Message received: {"type": "1", "info": {"direction": 1}}
Info (JsonSocket): Message received: {"type": "2", "info": {"message": "salam", "value": 10}}
Info (JsonSocket): Message received: {"type": "6", "info": {}}
Info (JsonSocket): Message received: {"type": "1", "info": {"direction": 2}}
Info (JsonSocket): Message received: {"type": "2", "info": {"message": "salam", "value": 10}}
Info (JsonSocket): Message received: {"type": "6", "info": {}}
Info (JsonSocket): Message sent.
Info (JsonSocket): Message sent.
Info (JsonSocket): Message received: {"type": "1", "info": {"direction": 1}}
Info (JsonSocket): Message received: {"type": "2", "info": {"message": "salam", "value": 10}}
Info (JsonSocket): Message received: {"type": "6", "info": {}}
Info (JsonSocket): Message received: {"type": "1", "info": {"direction": 2}}
Info (JsonSocket): Message received: {"type": "2", "info": {"message": "salam", "value": 10}}
Info (JsonSocket): Message received: {"type": "6", "info": {}}
Info (JsonSocket): Message sent.
Info (JsonSocket): Message sent.
Info (JsonSocket): Message received: {"type": "1", "info": {"direction": 1}}
Info (JsonSocket): Message received: {"type": "2", "info": {"message": "salam", "value": 10}}
Info (JsonSocket): Message received: {"type": "6", "info": {}}
Info (JsonSocket): Message received: {"type": "1", "info": {"direction": 2}}
Info (JsonSocket): Message received: {"type": "2", "info": {"message": "salam", "value": 10}}
Info (JsonSocket): Message received: {"type": "6", "info": {}}
Info (JsonSocket): Message sent.
Info (JsonSocket): Message sent.
